2025-04-16 03:12:54,987 [main] INFO  org.example.server.HttpServer - Accepting connections on port 8000
2025-04-16 03:15:04,580 [main] INFO  org.example.server.HttpServer - Accepting connections on port 8000
2025-04-16 03:24:05,891 [main] INFO  org.example.server.HttpServer - Accepting connections on port 8000
2025-04-16 03:25:28,420 [main] INFO  org.example.server.HttpServer - Accepting connections on port 8000
2025-04-16 03:26:07,075 [pool-2-thread-1] WARN  o.e.server.IdleConnectionManager - Exception Occurred While Monitoring Idle Connection
java.net.SocketException: Socket is closed
	at java.base/java.net.Socket.getInputStream(Socket.java:927)
	at org.example.server.IdleConnectionManager.doMonitor(IdleConnectionManager.java:64)
	at org.example.server.IdleConnectionManager.lambda$monitor$0(IdleConnectionManager.java:28)
	at java.base/java.util.concurrent.ThreadPoolExecutor.runWorker(ThreadPoolExecutor.java:1136)
	at java.base/java.util.concurrent.ThreadPoolExecutor$Worker.run(ThreadPoolExecutor.java:635)
	at java.base/java.lang.Thread.run(Thread.java:840)
2025-04-16 03:26:07,075 [pool-2-thread-3] WARN  o.e.server.IdleConnectionManager - Exception Occurred While Monitoring Idle Connection
java.net.SocketException: Socket is closed
	at java.base/java.net.Socket.getInputStream(Socket.java:927)
	at org.example.server.IdleConnectionManager.doMonitor(IdleConnectionManager.java:64)
	at org.example.server.IdleConnectionManager.lambda$monitor$0(IdleConnectionManager.java:28)
	at java.base/java.util.concurrent.ThreadPoolExecutor.runWorker(ThreadPoolExecutor.java:1136)
	at java.base/java.util.concurrent.ThreadPoolExecutor$Worker.run(ThreadPoolExecutor.java:635)
	at java.base/java.lang.Thread.run(Thread.java:840)
2025-04-16 03:34:06,565 [pool-1-thread-5] WARN  o.e.s.processor.HttpRequestProcessor - Socket Error/[0:0:0:0:0:0:0:1]:49162
java.net.SocketException: Connection reset
	at java.base/sun.nio.ch.NioSocketImpl.implRead(NioSocketImpl.java:328)
	at java.base/sun.nio.ch.NioSocketImpl.read(NioSocketImpl.java:355)
	at java.base/sun.nio.ch.NioSocketImpl$1.read(NioSocketImpl.java:808)
	at java.base/java.net.Socket$SocketInputStream.read(Socket.java:966)
	at java.base/sun.nio.cs.StreamDecoder.readBytes(StreamDecoder.java:287)
	at java.base/sun.nio.cs.StreamDecoder.implRead(StreamDecoder.java:330)
	at java.base/sun.nio.cs.StreamDecoder.read(StreamDecoder.java:190)
	at java.base/java.io.InputStreamReader.read(InputStreamReader.java:177)
	at java.base/java.io.BufferedReader.fill(BufferedReader.java:162)
	at java.base/java.io.BufferedReader.readLine(BufferedReader.java:329)
	at java.base/java.io.BufferedReader.readLine(BufferedReader.java:396)
	at org.example.http.HttpRequest.parse(HttpRequest.java:54)
	at org.example.server.processor.RequestProcessor.getHttpRequest(RequestProcessor.java:30)
	at org.example.server.processor.HttpRequestProcessor.run(HttpRequestProcessor.java:37)
	at java.base/java.util.concurrent.Executors$RunnableAdapter.call(Executors.java:539)
	at java.base/java.util.concurrent.FutureTask.run$$$capture(FutureTask.java:264)
	at java.base/java.util.concurrent.FutureTask.run(FutureTask.java)
	at java.base/java.util.concurrent.ThreadPoolExecutor.runWorker(ThreadPoolExecutor.java:1136)
	at java.base/java.util.concurrent.ThreadPoolExecutor$Worker.run(ThreadPoolExecutor.java:635)
	at java.base/java.lang.Thread.run(Thread.java:840)
2025-04-16 04:11:46,254 [main] INFO  org.example.server.HttpServer - Accepting connections on port 8000
2025-04-16 04:11:51,708 [pool-2-thread-2] WARN  o.e.server.IdleConnectionManager - Exception Occurred While Monitoring Idle Connection
java.net.SocketException: Socket is closed
	at java.base/java.net.Socket.getInputStream(Socket.java:927)
	at org.example.server.IdleConnectionManager.doMonitor(IdleConnectionManager.java:64)
	at org.example.server.IdleConnectionManager.lambda$monitor$0(IdleConnectionManager.java:28)
	at java.base/java.util.concurrent.ThreadPoolExecutor.runWorker(ThreadPoolExecutor.java:1136)
	at java.base/java.util.concurrent.ThreadPoolExecutor$Worker.run(ThreadPoolExecutor.java:635)
	at java.base/java.lang.Thread.run(Thread.java:840)
2025-04-16 04:11:51,708 [pool-2-thread-3] WARN  o.e.server.IdleConnectionManager - Exception Occurred While Monitoring Idle Connection
java.net.SocketException: Socket is closed
	at java.base/java.net.Socket.getInputStream(Socket.java:927)
	at org.example.server.IdleConnectionManager.doMonitor(IdleConnectionManager.java:64)
	at org.example.server.IdleConnectionManager.lambda$monitor$0(IdleConnectionManager.java:28)
	at java.base/java.util.concurrent.ThreadPoolExecutor.runWorker(ThreadPoolExecutor.java:1136)
	at java.base/java.util.concurrent.ThreadPoolExecutor$Worker.run(ThreadPoolExecutor.java:635)
	at java.base/java.lang.Thread.run(Thread.java:840)
2025-04-16 04:12:18,578 [main] INFO  org.example.server.HttpServer - Accepting connections on port 8000
2025-04-16 04:12:42,746 [pool-2-thread-3] WARN  o.e.server.IdleConnectionManager - Exception Occurred While Monitoring Idle Connection
java.net.SocketException: Socket is closed
	at java.base/java.net.Socket.getInputStream(Socket.java:927)
	at org.example.server.IdleConnectionManager.doMonitor(IdleConnectionManager.java:64)
	at org.example.server.IdleConnectionManager.lambda$monitor$0(IdleConnectionManager.java:28)
	at java.base/java.util.concurrent.ThreadPoolExecutor.runWorker(ThreadPoolExecutor.java:1136)
	at java.base/java.util.concurrent.ThreadPoolExecutor$Worker.run(ThreadPoolExecutor.java:635)
	at java.base/java.lang.Thread.run(Thread.java:840)
2025-04-16 04:17:01,774 [main] INFO  org.example.server.HttpServer - Accepting connections on port 8000
2025-04-16 04:17:57,369 [main] INFO  org.example.server.HttpServer - Accepting connections on port 8000
2025-04-16 04:18:31,908 [main] INFO  org.example.server.HttpServer - Accepting connections on port 8000
